{"/Users/joaquingm/Projects/Pruebas-tecnicas/MANGO-Range/Joaquin Garcia/range-component/src/components/Range.jsx": {"path":"/Users/joaquingm/Projects/Pruebas-tecnicas/MANGO-Range/Joaquin Garcia/range-component/src/components/Range.jsx","statementMap":{"0":{"start":{"line":23,"column":21},"end":{"line":23,"column":null}},"1":{"start":{"line":24,"column":24},"end":{"line":24,"column":null}},"2":{"start":{"line":25,"column":24},"end":{"line":25,"column":null}},"3":{"start":{"line":26,"column":26},"end":{"line":26,"column":null}},"4":{"start":{"line":27,"column":44},"end":{"line":27,"column":null}},"5":{"start":{"line":28,"column":38},"end":{"line":28,"column":null}},"6":{"start":{"line":29,"column":46},"end":{"line":29,"column":null}},"7":{"start":{"line":30,"column":58},"end":{"line":32,"column":null}},"8":{"start":{"line":33,"column":58},"end":{"line":35,"column":null}},"9":{"start":{"line":36,"column":44},"end":{"line":38,"column":null}},"10":{"start":{"line":39,"column":46},"end":{"line":41,"column":null}},"11":{"start":{"line":43,"column":40},"end":{"line":43,"column":null}},"12":{"start":{"line":44,"column":40},"end":{"line":44,"column":null}},"13":{"start":{"line":45,"column":46},"end":{"line":45,"column":null}},"14":{"start":{"line":46,"column":54},"end":{"line":46,"column":null}},"15":{"start":{"line":48,"column":52},"end":{"line":48,"column":null}},"16":{"start":{"line":49,"column":52},"end":{"line":49,"column":null}},"17":{"start":{"line":51,"column":23},"end":{"line":51,"column":null}},"18":{"start":{"line":52,"column":23},"end":{"line":52,"column":null}},"19":{"start":{"line":53,"column":20},"end":{"line":53,"column":null}},"20":{"start":{"line":54,"column":25},"end":{"line":54,"column":null}},"21":{"start":{"line":59,"column":2},"end":{"line":68,"column":null}},"22":{"start":{"line":60,"column":4},"end":{"line":67,"column":null}},"23":{"start":{"line":73,"column":2},"end":{"line":75,"column":null}},"24":{"start":{"line":74,"column":4},"end":{"line":74,"column":null}},"25":{"start":{"line":80,"column":2},"end":{"line":87,"column":null}},"26":{"start":{"line":81,"column":4},"end":{"line":86,"column":null}},"27":{"start":{"line":82,"column":37},"end":{"line":82,"column":null}},"28":{"start":{"line":84,"column":8},"end":{"line":84,"column":null}},"29":{"start":{"line":85,"column":6},"end":{"line":85,"column":null}},"30":{"start":{"line":94,"column":35},"end":{"line":107,"column":null}},"31":{"start":{"line":96,"column":6},"end":{"line":104,"column":null}},"32":{"start":{"line":97,"column":27},"end":{"line":97,"column":null}},"33":{"start":{"line":99,"column":10},"end":{"line":101,"column":null}},"34":{"start":{"line":102,"column":26},"end":{"line":102,"column":null}},"35":{"start":{"line":103,"column":8},"end":{"line":103,"column":null}},"36":{"start":{"line":114,"column":23},"end":{"line":122,"column":null}},"37":{"start":{"line":116,"column":37},"end":{"line":116,"column":null}},"38":{"start":{"line":117,"column":23},"end":{"line":117,"column":null}},"39":{"start":{"line":118,"column":6},"end":{"line":118,"column":null}},"40":{"start":{"line":119,"column":6},"end":{"line":119,"column":null}},"41":{"start":{"line":129,"column":23},"end":{"line":137,"column":null}},"42":{"start":{"line":131,"column":37},"end":{"line":131,"column":null}},"43":{"start":{"line":132,"column":23},"end":{"line":132,"column":null}},"44":{"start":{"line":133,"column":6},"end":{"line":133,"column":null}},"45":{"start":{"line":134,"column":6},"end":{"line":134,"column":null}},"46":{"start":{"line":142,"column":2},"end":{"line":146,"column":null}},"47":{"start":{"line":143,"column":35},"end":{"line":143,"column":null}},"48":{"start":{"line":144,"column":4},"end":{"line":144,"column":null}},"49":{"start":{"line":145,"column":4},"end":{"line":145,"column":null}},"50":{"start":{"line":151,"column":2},"end":{"line":158,"column":null}},"51":{"start":{"line":152,"column":4},"end":{"line":152,"column":null}},"52":{"start":{"line":153,"column":4},"end":{"line":153,"column":null}},"53":{"start":{"line":154,"column":4},"end":{"line":157,"column":null}},"54":{"start":{"line":155,"column":6},"end":{"line":155,"column":null}},"55":{"start":{"line":156,"column":6},"end":{"line":156,"column":null}},"56":{"start":{"line":166,"column":29},"end":{"line":193,"column":null}},"57":{"start":{"line":168,"column":37},"end":{"line":168,"column":null}},"58":{"start":{"line":169,"column":21},"end":{"line":169,"column":null}},"59":{"start":{"line":171,"column":6},"end":{"line":173,"column":null}},"60":{"start":{"line":172,"column":8},"end":{"line":172,"column":null}},"61":{"start":{"line":175,"column":6},"end":{"line":177,"column":null}},"62":{"start":{"line":176,"column":8},"end":{"line":176,"column":null}},"63":{"start":{"line":179,"column":6},"end":{"line":189,"column":null}},"64":{"start":{"line":181,"column":8},"end":{"line":183,"column":null}},"65":{"start":{"line":182,"column":10},"end":{"line":182,"column":null}},"66":{"start":{"line":186,"column":8},"end":{"line":188,"column":null}},"67":{"start":{"line":187,"column":10},"end":{"line":187,"column":null}},"68":{"start":{"line":190,"column":6},"end":{"line":190,"column":null}},"69":{"start":{"line":198,"column":26},"end":{"line":209,"column":null}},"70":{"start":{"line":200,"column":6},"end":{"line":206,"column":null}},"71":{"start":{"line":201,"column":25},"end":{"line":201,"column":null}},"72":{"start":{"line":202,"column":8},"end":{"line":202,"column":null}},"73":{"start":{"line":203,"column":8},"end":{"line":205,"column":null}},"74":{"start":{"line":214,"column":24},"end":{"line":222,"column":null}},"75":{"start":{"line":215,"column":35},"end":{"line":215,"column":null}},"76":{"start":{"line":216,"column":4},"end":{"line":216,"column":null}},"77":{"start":{"line":217,"column":4},"end":{"line":217,"column":null}},"78":{"start":{"line":218,"column":17},"end":{"line":218,"column":null}},"79":{"start":{"line":219,"column":4},"end":{"line":221,"column":null}},"80":{"start":{"line":220,"column":6},"end":{"line":220,"column":null}},"81":{"start":{"line":227,"column":24},"end":{"line":242,"column":null}},"82":{"start":{"line":229,"column":6},"end":{"line":239,"column":null}},"83":{"start":{"line":230,"column":25},"end":{"line":230,"column":null}},"84":{"start":{"line":231,"column":8},"end":{"line":233,"column":null}},"85":{"start":{"line":234,"column":8},"end":{"line":234,"column":null}},"86":{"start":{"line":235,"column":21},"end":{"line":235,"column":null}},"87":{"start":{"line":236,"column":8},"end":{"line":238,"column":null}},"88":{"start":{"line":237,"column":10},"end":{"line":237,"column":null}},"89":{"start":{"line":249,"column":26},"end":{"line":264,"column":null}},"90":{"start":{"line":251,"column":6},"end":{"line":261,"column":null}},"91":{"start":{"line":252,"column":20},"end":{"line":252,"column":null}},"92":{"start":{"line":252,"column":51},"end":{"line":252,"column":68}},"93":{"start":{"line":253,"column":8},"end":{"line":253,"column":null}},"94":{"start":{"line":254,"column":8},"end":{"line":254,"column":null}},"95":{"start":{"line":255,"column":8},"end":{"line":255,"column":null}},"96":{"start":{"line":256,"column":6},"end":{"line":261,"column":null}},"97":{"start":{"line":257,"column":20},"end":{"line":257,"column":null}},"98":{"start":{"line":257,"column":51},"end":{"line":257,"column":68}},"99":{"start":{"line":258,"column":8},"end":{"line":258,"column":null}},"100":{"start":{"line":259,"column":8},"end":{"line":259,"column":null}},"101":{"start":{"line":260,"column":8},"end":{"line":260,"column":null}},"102":{"start":{"line":271,"column":22},"end":{"line":292,"column":null}},"103":{"start":{"line":273,"column":6},"end":{"line":289,"column":null}},"104":{"start":{"line":274,"column":20},"end":{"line":274,"column":null}},"105":{"start":{"line":274,"column":51},"end":{"line":274,"column":68}},"106":{"start":{"line":275,"column":8},"end":{"line":278,"column":null}},"107":{"start":{"line":279,"column":8},"end":{"line":279,"column":null}},"108":{"start":{"line":280,"column":8},"end":{"line":280,"column":null}},"109":{"start":{"line":281,"column":6},"end":{"line":289,"column":null}},"110":{"start":{"line":282,"column":20},"end":{"line":282,"column":null}},"111":{"start":{"line":282,"column":51},"end":{"line":282,"column":68}},"112":{"start":{"line":283,"column":8},"end":{"line":286,"column":null}},"113":{"start":{"line":287,"column":8},"end":{"line":287,"column":null}},"114":{"start":{"line":288,"column":8},"end":{"line":288,"column":null}},"115":{"start":{"line":297,"column":24},"end":{"line":306,"column":null}},"116":{"start":{"line":299,"column":6},"end":{"line":303,"column":null}},"117":{"start":{"line":300,"column":8},"end":{"line":300,"column":null}},"118":{"start":{"line":301,"column":6},"end":{"line":303,"column":null}},"119":{"start":{"line":302,"column":8},"end":{"line":302,"column":null}},"120":{"start":{"line":311,"column":25},"end":{"line":322,"column":null}},"121":{"start":{"line":312,"column":18},"end":{"line":312,"column":null}},"122":{"start":{"line":313,"column":26},"end":{"line":313,"column":null}},"123":{"start":{"line":314,"column":26},"end":{"line":314,"column":null}},"124":{"start":{"line":315,"column":4},"end":{"line":317,"column":null}},"125":{"start":{"line":315,"column":17},"end":{"line":315,"column":20}},"126":{"start":{"line":316,"column":6},"end":{"line":316,"column":null}},"127":{"start":{"line":318,"column":4},"end":{"line":320,"column":null}},"128":{"start":{"line":319,"column":6},"end":{"line":319,"column":null}},"129":{"start":{"line":321,"column":4},"end":{"line":321,"column":null}},"130":{"start":{"line":331,"column":26},"end":{"line":345,"column":null}},"131":{"start":{"line":333,"column":21},"end":{"line":333,"column":null}},"132":{"start":{"line":334,"column":6},"end":{"line":342,"column":null}},"133":{"start":{"line":335,"column":8},"end":{"line":341,"column":null}},"134":{"start":{"line":336,"column":10},"end":{"line":336,"column":null}},"135":{"start":{"line":337,"column":8},"end":{"line":341,"column":null}},"136":{"start":{"line":338,"column":10},"end":{"line":338,"column":null}},"137":{"start":{"line":340,"column":10},"end":{"line":340,"column":null}},"138":{"start":{"line":354,"column":26},"end":{"line":364,"column":null}},"139":{"start":{"line":356,"column":21},"end":{"line":356,"column":null}},"140":{"start":{"line":357,"column":6},"end":{"line":361,"column":null}},"141":{"start":{"line":358,"column":8},"end":{"line":358,"column":null}},"142":{"start":{"line":360,"column":8},"end":{"line":360,"column":null}},"143":{"start":{"line":370,"column":2},"end":{"line":375,"column":null}},"144":{"start":{"line":371,"column":4},"end":{"line":371,"column":null}},"145":{"start":{"line":372,"column":4},"end":{"line":374,"column":null}},"146":{"start":{"line":373,"column":6},"end":{"line":373,"column":null}},"147":{"start":{"line":381,"column":2},"end":{"line":389,"column":null}},"148":{"start":{"line":382,"column":4},"end":{"line":382,"column":null}},"149":{"start":{"line":383,"column":4},"end":{"line":388,"column":null}},"150":{"start":{"line":384,"column":6},"end":{"line":387,"column":null}},"151":{"start":{"line":394,"column":28},"end":{"line":396,"column":null}},"152":{"start":{"line":395,"column":4},"end":{"line":395,"column":null}},"153":{"start":{"line":398,"column":2},"end":{"line":503,"column":null}},"154":{"start":{"line":422,"column":32},"end":{"line":422,"column":null}},"155":{"start":{"line":445,"column":32},"end":{"line":445,"column":null}},"156":{"start":{"line":476,"column":14},"end":{"line":488,"column":null}}},"fnMap":{"0":{"name":"Range","decl":{"start":{"line":22,"column":16},"end":{"line":22,"column":22}},"loc":{"start":{"line":22,"column":29},"end":{"line":505,"column":null}}},"1":{"name":"(anonymous_1)","decl":{"start":{"line":59,"column":12},"end":{"line":59,"column":18}},"loc":{"start":{"line":59,"column":18},"end":{"line":68,"column":5}}},"2":{"name":"(anonymous_2)","decl":{"start":{"line":73,"column":12},"end":{"line":73,"column":18}},"loc":{"start":{"line":73,"column":18},"end":{"line":75,"column":5}}},"3":{"name":"(anonymous_3)","decl":{"start":{"line":80,"column":12},"end":{"line":80,"column":18}},"loc":{"start":{"line":80,"column":18},"end":{"line":87,"column":5}}},"4":{"name":"(anonymous_4)","decl":{"start":{"line":95,"column":4},"end":{"line":95,"column":5}},"loc":{"start":{"line":95,"column":18},"end":{"line":105,"column":null}}},"5":{"name":"(anonymous_5)","decl":{"start":{"line":115,"column":4},"end":{"line":115,"column":5}},"loc":{"start":{"line":115,"column":18},"end":{"line":120,"column":null}}},"6":{"name":"(anonymous_6)","decl":{"start":{"line":130,"column":4},"end":{"line":130,"column":5}},"loc":{"start":{"line":130,"column":18},"end":{"line":135,"column":null}}},"7":{"name":"(anonymous_7)","decl":{"start":{"line":142,"column":12},"end":{"line":142,"column":18}},"loc":{"start":{"line":142,"column":18},"end":{"line":146,"column":5}}},"8":{"name":"(anonymous_8)","decl":{"start":{"line":151,"column":12},"end":{"line":151,"column":18}},"loc":{"start":{"line":151,"column":18},"end":{"line":158,"column":5}}},"9":{"name":"(anonymous_9)","decl":{"start":{"line":154,"column":11},"end":{"line":154,"column":17}},"loc":{"start":{"line":154,"column":17},"end":{"line":157,"column":null}}},"10":{"name":"(anonymous_10)","decl":{"start":{"line":167,"column":4},"end":{"line":167,"column":5}},"loc":{"start":{"line":167,"column":11},"end":{"line":191,"column":null}}},"11":{"name":"(anonymous_11)","decl":{"start":{"line":199,"column":4},"end":{"line":199,"column":5}},"loc":{"start":{"line":199,"column":11},"end":{"line":207,"column":null}}},"12":{"name":"(anonymous_12)","decl":{"start":{"line":214,"column":36},"end":{"line":214,"column":37}},"loc":{"start":{"line":214,"column":52},"end":{"line":222,"column":5}}},"13":{"name":"(anonymous_13)","decl":{"start":{"line":228,"column":4},"end":{"line":228,"column":5}},"loc":{"start":{"line":228,"column":11},"end":{"line":240,"column":null}}},"14":{"name":"(anonymous_14)","decl":{"start":{"line":250,"column":4},"end":{"line":250,"column":5}},"loc":{"start":{"line":250,"column":16},"end":{"line":262,"column":null}}},"15":{"name":"(anonymous_15)","decl":{"start":{"line":252,"column":44},"end":{"line":252,"column":45}},"loc":{"start":{"line":252,"column":51},"end":{"line":252,"column":68}}},"16":{"name":"(anonymous_16)","decl":{"start":{"line":257,"column":44},"end":{"line":257,"column":45}},"loc":{"start":{"line":257,"column":51},"end":{"line":257,"column":68}}},"17":{"name":"(anonymous_17)","decl":{"start":{"line":272,"column":4},"end":{"line":272,"column":5}},"loc":{"start":{"line":272,"column":16},"end":{"line":290,"column":null}}},"18":{"name":"(anonymous_18)","decl":{"start":{"line":274,"column":44},"end":{"line":274,"column":45}},"loc":{"start":{"line":274,"column":51},"end":{"line":274,"column":68}}},"19":{"name":"(anonymous_19)","decl":{"start":{"line":282,"column":44},"end":{"line":282,"column":45}},"loc":{"start":{"line":282,"column":51},"end":{"line":282,"column":68}}},"20":{"name":"(anonymous_20)","decl":{"start":{"line":298,"column":4},"end":{"line":298,"column":5}},"loc":{"start":{"line":298,"column":11},"end":{"line":304,"column":null}}},"21":{"name":"(anonymous_21)","decl":{"start":{"line":311,"column":37},"end":{"line":311,"column":43}},"loc":{"start":{"line":311,"column":43},"end":{"line":322,"column":5}}},"22":{"name":"(anonymous_22)","decl":{"start":{"line":332,"column":4},"end":{"line":332,"column":5}},"loc":{"start":{"line":332,"column":15},"end":{"line":343,"column":null}}},"23":{"name":"(anonymous_23)","decl":{"start":{"line":355,"column":4},"end":{"line":355,"column":5}},"loc":{"start":{"line":355,"column":15},"end":{"line":362,"column":null}}},"24":{"name":"(anonymous_24)","decl":{"start":{"line":370,"column":12},"end":{"line":370,"column":18}},"loc":{"start":{"line":370,"column":18},"end":{"line":375,"column":5}}},"25":{"name":"(anonymous_25)","decl":{"start":{"line":372,"column":11},"end":{"line":372,"column":17}},"loc":{"start":{"line":372,"column":17},"end":{"line":374,"column":null}}},"26":{"name":"(anonymous_26)","decl":{"start":{"line":381,"column":12},"end":{"line":381,"column":18}},"loc":{"start":{"line":381,"column":18},"end":{"line":389,"column":5}}},"27":{"name":"(anonymous_27)","decl":{"start":{"line":383,"column":11},"end":{"line":383,"column":17}},"loc":{"start":{"line":383,"column":17},"end":{"line":388,"column":null}}},"28":{"name":"(anonymous_28)","decl":{"start":{"line":394,"column":40},"end":{"line":394,"column":46}},"loc":{"start":{"line":394,"column":46},"end":{"line":396,"column":5}}},"29":{"name":"(anonymous_29)","decl":{"start":{"line":422,"column":25},"end":{"line":422,"column":26}},"loc":{"start":{"line":422,"column":32},"end":{"line":422,"column":null}}},"30":{"name":"(anonymous_30)","decl":{"start":{"line":445,"column":25},"end":{"line":445,"column":26}},"loc":{"start":{"line":445,"column":32},"end":{"line":445,"column":null}}},"31":{"name":"(anonymous_31)","decl":{"start":{"line":475,"column":30},"end":{"line":475,"column":31}},"loc":{"start":{"line":475,"column":42},"end":{"line":491,"column":13}}}},"branchMap":{"0":{"loc":{"start":{"line":24,"column":33},"end":{"line":24,"column":54}},"type":"binary-expr","locations":[{"start":{"line":24,"column":33},"end":{"line":24,"column":53}},{"start":{"line":24,"column":53},"end":{"line":24,"column":54}}]},"1":{"loc":{"start":{"line":25,"column":33},"end":{"line":25,"column":55}},"type":"binary-expr","locations":[{"start":{"line":25,"column":33},"end":{"line":25,"column":53}},{"start":{"line":25,"column":53},"end":{"line":25,"column":55}}]},"2":{"loc":{"start":{"line":26,"column":35},"end":{"line":26,"column":57}},"type":"binary-expr","locations":[{"start":{"line":26,"column":35},"end":{"line":26,"column":56}},{"start":{"line":26,"column":56},"end":{"line":26,"column":57}}]},"3":{"loc":{"start":{"line":31,"column":4},"end":{"line":31,"column":null}},"type":"binary-expr","locations":[{"start":{"line":31,"column":4},"end":{"line":31,"column":41}},{"start":{"line":31,"column":41},"end":{"line":31,"column":null}}]},"4":{"loc":{"start":{"line":34,"column":4},"end":{"line":34,"column":null}},"type":"binary-expr","locations":[{"start":{"line":34,"column":4},"end":{"line":34,"column":41}},{"start":{"line":34,"column":41},"end":{"line":34,"column":null}}]},"5":{"loc":{"start":{"line":37,"column":4},"end":{"line":37,"column":null}},"type":"binary-expr","locations":[{"start":{"line":37,"column":4},"end":{"line":37,"column":34}},{"start":{"line":37,"column":34},"end":{"line":37,"column":null}}]},"6":{"loc":{"start":{"line":40,"column":4},"end":{"line":40,"column":null}},"type":"binary-expr","locations":[{"start":{"line":40,"column":4},"end":{"line":40,"column":35}},{"start":{"line":40,"column":35},"end":{"line":40,"column":null}}]},"7":{"loc":{"start":{"line":60,"column":4},"end":{"line":67,"column":null}},"type":"if","locations":[{"start":{"line":60,"column":4},"end":{"line":67,"column":null}},{"start":{"line":60,"column":4},"end":{"line":67,"column":null}}]},"8":{"loc":{"start":{"line":61,"column":6},"end":{"line":62,"column":null}},"type":"binary-expr","locations":[{"start":{"line":61,"column":6},"end":{"line":61,"column":null}},{"start":{"line":62,"column":7},"end":{"line":62,"column":33}},{"start":{"line":62,"column":33},"end":{"line":62,"column":null}}]},"9":{"loc":{"start":{"line":81,"column":4},"end":{"line":86,"column":null}},"type":"if","locations":[{"start":{"line":81,"column":4},"end":{"line":86,"column":null}},{"start":{"line":81,"column":4},"end":{"line":86,"column":null}}]},"10":{"loc":{"start":{"line":96,"column":6},"end":{"line":104,"column":null}},"type":"if","locations":[{"start":{"line":96,"column":6},"end":{"line":104,"column":null}},{"start":{"line":96,"column":6},"end":{"line":104,"column":null}}]},"11":{"loc":{"start":{"line":99,"column":10},"end":{"line":101,"column":null}},"type":"cond-expr","locations":[{"start":{"line":100,"column":14},"end":{"line":100,"column":null}},{"start":{"line":101,"column":14},"end":{"line":101,"column":null}}]},"12":{"loc":{"start":{"line":171,"column":6},"end":{"line":173,"column":null}},"type":"if","locations":[{"start":{"line":171,"column":6},"end":{"line":173,"column":null}},{"start":{"line":171,"column":6},"end":{"line":173,"column":null}}]},"13":{"loc":{"start":{"line":175,"column":6},"end":{"line":177,"column":null}},"type":"if","locations":[{"start":{"line":175,"column":6},"end":{"line":177,"column":null}},{"start":{"line":175,"column":6},"end":{"line":177,"column":null}}]},"14":{"loc":{"start":{"line":179,"column":6},"end":{"line":189,"column":null}},"type":"if","locations":[{"start":{"line":179,"column":6},"end":{"line":189,"column":null}},{"start":{"line":184,"column":13},"end":{"line":189,"column":null}}]},"15":{"loc":{"start":{"line":181,"column":8},"end":{"line":183,"column":null}},"type":"if","locations":[{"start":{"line":181,"column":8},"end":{"line":183,"column":null}},{"start":{"line":181,"column":8},"end":{"line":183,"column":null}}]},"16":{"loc":{"start":{"line":186,"column":8},"end":{"line":188,"column":null}},"type":"if","locations":[{"start":{"line":186,"column":8},"end":{"line":188,"column":null}},{"start":{"line":186,"column":8},"end":{"line":188,"column":null}}]},"17":{"loc":{"start":{"line":200,"column":6},"end":{"line":206,"column":null}},"type":"if","locations":[{"start":{"line":200,"column":6},"end":{"line":206,"column":null}},{"start":{"line":200,"column":6},"end":{"line":206,"column":null}}]},"18":{"loc":{"start":{"line":200,"column":10},"end":{"line":200,"column":31}},"type":"binary-expr","locations":[{"start":{"line":200,"column":10},"end":{"line":200,"column":28}},{"start":{"line":200,"column":28},"end":{"line":200,"column":31}}]},"19":{"loc":{"start":{"line":203,"column":8},"end":{"line":205,"column":null}},"type":"cond-expr","locations":[{"start":{"line":204,"column":12},"end":{"line":204,"column":null}},{"start":{"line":205,"column":12},"end":{"line":205,"column":null}}]},"20":{"loc":{"start":{"line":219,"column":4},"end":{"line":221,"column":null}},"type":"if","locations":[{"start":{"line":219,"column":4},"end":{"line":221,"column":null}},{"start":{"line":219,"column":4},"end":{"line":221,"column":null}}]},"21":{"loc":{"start":{"line":229,"column":6},"end":{"line":239,"column":null}},"type":"if","locations":[{"start":{"line":229,"column":6},"end":{"line":239,"column":null}},{"start":{"line":229,"column":6},"end":{"line":239,"column":null}}]},"22":{"loc":{"start":{"line":229,"column":10},"end":{"line":229,"column":31}},"type":"binary-expr","locations":[{"start":{"line":229,"column":10},"end":{"line":229,"column":28}},{"start":{"line":229,"column":28},"end":{"line":229,"column":31}}]},"23":{"loc":{"start":{"line":231,"column":8},"end":{"line":233,"column":null}},"type":"cond-expr","locations":[{"start":{"line":232,"column":12},"end":{"line":232,"column":null}},{"start":{"line":233,"column":12},"end":{"line":233,"column":null}}]},"24":{"loc":{"start":{"line":236,"column":8},"end":{"line":238,"column":null}},"type":"if","locations":[{"start":{"line":236,"column":8},"end":{"line":238,"column":null}},{"start":{"line":236,"column":8},"end":{"line":238,"column":null}}]},"25":{"loc":{"start":{"line":251,"column":6},"end":{"line":261,"column":null}},"type":"if","locations":[{"start":{"line":251,"column":6},"end":{"line":261,"column":null}},{"start":{"line":256,"column":6},"end":{"line":261,"column":null}}]},"26":{"loc":{"start":{"line":253,"column":16},"end":{"line":253,"column":null}},"type":"cond-expr","locations":[{"start":{"line":253,"column":32},"end":{"line":253,"column":36}},{"start":{"line":253,"column":36},"end":{"line":253,"column":null}}]},"27":{"loc":{"start":{"line":256,"column":6},"end":{"line":261,"column":null}},"type":"if","locations":[{"start":{"line":256,"column":6},"end":{"line":261,"column":null}},{"start":{"line":256,"column":6},"end":{"line":261,"column":null}}]},"28":{"loc":{"start":{"line":258,"column":16},"end":{"line":258,"column":null}},"type":"cond-expr","locations":[{"start":{"line":258,"column":32},"end":{"line":258,"column":36}},{"start":{"line":258,"column":36},"end":{"line":258,"column":null}}]},"29":{"loc":{"start":{"line":273,"column":6},"end":{"line":289,"column":null}},"type":"if","locations":[{"start":{"line":273,"column":6},"end":{"line":289,"column":null}},{"start":{"line":281,"column":6},"end":{"line":289,"column":null}}]},"30":{"loc":{"start":{"line":276,"column":10},"end":{"line":278,"column":null}},"type":"cond-expr","locations":[{"start":{"line":277,"column":14},"end":{"line":277,"column":null}},{"start":{"line":278,"column":14},"end":{"line":278,"column":null}}]},"31":{"loc":{"start":{"line":281,"column":6},"end":{"line":289,"column":null}},"type":"if","locations":[{"start":{"line":281,"column":6},"end":{"line":289,"column":null}},{"start":{"line":281,"column":6},"end":{"line":289,"column":null}}]},"32":{"loc":{"start":{"line":284,"column":10},"end":{"line":286,"column":null}},"type":"cond-expr","locations":[{"start":{"line":285,"column":14},"end":{"line":285,"column":null}},{"start":{"line":286,"column":14},"end":{"line":286,"column":null}}]},"33":{"loc":{"start":{"line":299,"column":6},"end":{"line":303,"column":null}},"type":"if","locations":[{"start":{"line":299,"column":6},"end":{"line":303,"column":null}},{"start":{"line":301,"column":6},"end":{"line":303,"column":null}}]},"34":{"loc":{"start":{"line":299,"column":10},"end":{"line":299,"column":57}},"type":"binary-expr","locations":[{"start":{"line":299,"column":10},"end":{"line":299,"column":33}},{"start":{"line":299,"column":33},"end":{"line":299,"column":57}}]},"35":{"loc":{"start":{"line":301,"column":6},"end":{"line":303,"column":null}},"type":"if","locations":[{"start":{"line":301,"column":6},"end":{"line":303,"column":null}},{"start":{"line":301,"column":6},"end":{"line":303,"column":null}}]},"36":{"loc":{"start":{"line":301,"column":17},"end":{"line":301,"column":65}},"type":"binary-expr","locations":[{"start":{"line":301,"column":17},"end":{"line":301,"column":42}},{"start":{"line":301,"column":42},"end":{"line":301,"column":65}}]},"37":{"loc":{"start":{"line":318,"column":4},"end":{"line":320,"column":null}},"type":"if","locations":[{"start":{"line":318,"column":4},"end":{"line":320,"column":null}},{"start":{"line":318,"column":4},"end":{"line":320,"column":null}}]},"38":{"loc":{"start":{"line":334,"column":6},"end":{"line":342,"column":null}},"type":"if","locations":[{"start":{"line":334,"column":6},"end":{"line":342,"column":null}},{"start":{"line":334,"column":6},"end":{"line":342,"column":null}}]},"39":{"loc":{"start":{"line":335,"column":8},"end":{"line":341,"column":null}},"type":"if","locations":[{"start":{"line":335,"column":8},"end":{"line":341,"column":null}},{"start":{"line":337,"column":8},"end":{"line":341,"column":null}}]},"40":{"loc":{"start":{"line":337,"column":8},"end":{"line":341,"column":null}},"type":"if","locations":[{"start":{"line":337,"column":8},"end":{"line":341,"column":null}},{"start":{"line":339,"column":15},"end":{"line":341,"column":null}}]},"41":{"loc":{"start":{"line":357,"column":6},"end":{"line":361,"column":null}},"type":"if","locations":[{"start":{"line":357,"column":6},"end":{"line":361,"column":null}},{"start":{"line":359,"column":13},"end":{"line":361,"column":null}}]},"42":{"loc":{"start":{"line":412,"column":29},"end":{"line":412,"column":null}},"type":"cond-expr","locations":[{"start":{"line":412,"column":46},"end":{"line":412,"column":70}},{"start":{"line":412,"column":70},"end":{"line":412,"column":null}}]},"43":{"loc":{"start":{"line":419,"column":15},"end":{"line":419,"column":null}},"type":"cond-expr","locations":[{"start":{"line":419,"column":49},"end":{"line":419,"column":69}},{"start":{"line":419,"column":69},"end":{"line":419,"column":null}}]},"44":{"loc":{"start":{"line":431,"column":13},"end":{"line":436,"column":null}},"type":"binary-expr","locations":[{"start":{"line":431,"column":13},"end":{"line":431,"column":null}},{"start":{"line":432,"column":14},"end":{"line":436,"column":null}}]},"45":{"loc":{"start":{"line":433,"column":17},"end":{"line":435,"column":null}},"type":"cond-expr","locations":[{"start":{"line":434,"column":20},"end":{"line":434,"column":null}},{"start":{"line":435,"column":20},"end":{"line":435,"column":null}}]},"46":{"loc":{"start":{"line":442,"column":15},"end":{"line":442,"column":null}},"type":"cond-expr","locations":[{"start":{"line":442,"column":49},"end":{"line":442,"column":69}},{"start":{"line":442,"column":69},"end":{"line":442,"column":null}}]},"47":{"loc":{"start":{"line":454,"column":13},"end":{"line":459,"column":null}},"type":"binary-expr","locations":[{"start":{"line":454,"column":13},"end":{"line":454,"column":null}},{"start":{"line":455,"column":14},"end":{"line":459,"column":null}}]},"48":{"loc":{"start":{"line":456,"column":17},"end":{"line":458,"column":null}},"type":"cond-expr","locations":[{"start":{"line":457,"column":20},"end":{"line":457,"column":null}},{"start":{"line":458,"column":20},"end":{"line":458,"column":null}}]},"49":{"loc":{"start":{"line":462,"column":11},"end":{"line":472,"column":null}},"type":"binary-expr","locations":[{"start":{"line":462,"column":11},"end":{"line":462,"column":null}},{"start":{"line":463,"column":12},"end":{"line":472,"column":null}}]},"50":{"loc":{"start":{"line":469,"column":15},"end":{"line":470,"column":null}},"type":"binary-expr","locations":[{"start":{"line":469,"column":15},"end":{"line":469,"column":null}},{"start":{"line":470,"column":16},"end":{"line":470,"column":null}}]},"51":{"loc":{"start":{"line":474,"column":11},"end":{"line":491,"column":null}},"type":"binary-expr","locations":[{"start":{"line":474,"column":11},"end":{"line":474,"column":null}},{"start":{"line":475,"column":12},"end":{"line":491,"column":null}}]},"52":{"loc":{"start":{"line":477,"column":16},"end":{"line":488,"column":null}},"type":"binary-expr","locations":[{"start":{"line":477,"column":16},"end":{"line":477,"column":null}},{"start":{"line":478,"column":18},"end":{"line":488,"column":null}}]},"53":{"loc":{"start":{"line":485,"column":21},"end":{"line":486,"column":null}},"type":"binary-expr","locations":[{"start":{"line":485,"column":21},"end":{"line":485,"column":null}},{"start":{"line":486,"column":22},"end":{"line":486,"column":null}}]}},"s":{"0":4,"1":4,"2":4,"3":4,"4":4,"5":4,"6":4,"7":4,"8":4,"9":4,"10":4,"11":4,"12":4,"13":4,"14":4,"15":4,"16":4,"17":4,"18":4,"19":4,"20":4,"21":4,"22":1,"23":4,"24":1,"25":4,"26":2,"27":1,"28":1,"29":1,"30":4,"31":6,"32":2,"33":2,"34":2,"35":2,"36":4,"37":3,"38":3,"39":3,"40":3,"41":4,"42":3,"43":3,"44":3,"45":3,"46":4,"47":3,"48":3,"49":3,"50":4,"51":1,"52":1,"53":1,"54":1,"55":1,"56":4,"57":0,"58":0,"59":0,"60":0,"61":0,"62":0,"63":0,"64":0,"65":0,"66":0,"67":0,"68":0,"69":4,"70":0,"71":0,"72":0,"73":0,"74":4,"75":0,"76":0,"77":0,"78":0,"79":0,"80":0,"81":4,"82":0,"83":0,"84":0,"85":0,"86":0,"87":0,"88":0,"89":4,"90":0,"91":0,"92":0,"93":0,"94":0,"95":0,"96":0,"97":0,"98":0,"99":0,"100":0,"101":0,"102":4,"103":0,"104":0,"105":0,"106":0,"107":0,"108":0,"109":0,"110":0,"111":0,"112":0,"113":0,"114":0,"115":4,"116":0,"117":0,"118":0,"119":0,"120":4,"121":1,"122":1,"123":1,"124":1,"125":1,"126":9,"127":1,"128":0,"129":1,"130":4,"131":0,"132":0,"133":0,"134":0,"135":0,"136":0,"137":0,"138":4,"139":0,"140":0,"141":0,"142":0,"143":4,"144":3,"145":3,"146":3,"147":4,"148":3,"149":3,"150":3,"151":4,"152":0,"153":4,"154":0,"155":0,"156":0},"f":{"0":4,"1":1,"2":1,"3":2,"4":6,"5":3,"6":3,"7":3,"8":1,"9":1,"10":0,"11":0,"12":0,"13":0,"14":0,"15":0,"16":0,"17":0,"18":0,"19":0,"20":0,"21":1,"22":0,"23":0,"24":3,"25":3,"26":3,"27":3,"28":0,"29":0,"30":0,"31":0},"b":{"0":[4,0],"1":[4,0],"2":[4,0],"3":[4,4],"4":[4,4],"5":[4,0],"6":[4,4],"7":[1,0],"8":[1,0,0],"9":[1,1],"10":[2,4],"11":[0,2],"12":[0,0],"13":[0,0],"14":[0,0],"15":[0,0],"16":[0,0],"17":[0,0],"18":[0,0],"19":[0,0],"20":[0,0],"21":[0,0],"22":[0,0],"23":[0,0],"24":[0,0],"25":[0,0],"26":[0,0],"27":[0,0],"28":[0,0],"29":[0,0],"30":[0,0],"31":[0,0],"32":[0,0],"33":[0,0],"34":[0,0],"35":[0,0],"36":[0,0],"37":[0,1],"38":[0,0],"39":[0,0],"40":[0,0],"41":[0,0],"42":[0,4],"43":[0,4],"44":[4,4],"45":[4,0],"46":[0,4],"47":[4,4],"48":[4,0],"49":[4,0],"50":[0,0],"51":[4,0],"52":[0,0],"53":[0,0]}}
,"/Users/joaquingm/Projects/Pruebas-tecnicas/MANGO-Range/Joaquin Garcia/range-component/src/hooks/useCurrency.js": {"path":"/Users/joaquingm/Projects/Pruebas-tecnicas/MANGO-Range/Joaquin Garcia/range-component/src/hooks/useCurrency.js","statementMap":{"0":{"start":{"line":1,"column":27},"end":{"line":6,"column":1}},"1":{"start":{"line":2,"column":2},"end":{"line":5,"column":20}}},"fnMap":{"0":{"name":"(anonymous_0)","decl":{"start":{"line":1,"column":27},"end":{"line":1,"column":28}},"loc":{"start":{"line":1,"column":39},"end":{"line":6,"column":1}}}},"branchMap":{},"s":{"0":1,"1":8},"f":{"0":8},"b":{}}
}
